<?xml version="1.0" encoding="UTF-8"?>
<!-- Generated by org.testng.reporters.JUnitReportReporter -->
<testsuite hostname="DESKTOP-D44C7K2" failures="0" tests="4" name="api.test.UserTestWithFaker" time="4.466" errors="0" timestamp="2023-12-17T00:55:23 IST" skipped="0">
  <testcase classname="api.test.UserTestWithFaker" name="createUserTest" time="4.112"/>
  <testcase classname="api.test.UserTestWithFaker" name="readUserTest" time="0.114"/>
  <testcase classname="api.test.UserTestWithFaker" name="updateUserTest" time="0.114"/>
  <testcase classname="api.test.UserTestWithFaker" name="deleteUserTest" time="0.126"/>
</testsuite> <!-- api.test.UserTestWithFaker -->
