<?xml version="1.0" encoding="UTF-8"?>
<!-- Generated by org.testng.reporters.JUnitReportReporter -->
<testsuite hostname="DESKTOP-D44C7K2" failures="0" tests="1" name="api.test.UserTest" time="4.856" errors="0" timestamp="2023-12-16T17:37:09 IST" skipped="0">
  <testcase classname="api.test.UserTest" name="createUserTest" time="4.856"/>
</testsuite> <!-- api.test.UserTest -->
