<?xml version="1.0" encoding="UTF-8"?>
<!-- Generated by org.testng.reporters.JUnitReportReporter -->
<testsuite hostname="DESKTOP-D44C7K2" failures="0" tests="6" name="api.test.UserTestWithDDApproach" time="3.263" errors="0" timestamp="2023-12-17T01:27:00 IST" skipped="0">
  <testcase classname="api.test.UserTestWithDDApproach" name="createUserTest" time="0.072"/>
  <testcase classname="api.test.UserTestWithDDApproach" name="createUserTest" time="2.920"/>
  <testcase classname="api.test.UserTestWithDDApproach" name="createUserTest" time="0.057"/>
  <testcase classname="api.test.UserTestWithDDApproach" name="deleteUserTest" time="0.112"/>
  <testcase classname="api.test.UserTestWithDDApproach" name="deleteUserTest" time="0.047"/>
  <testcase classname="api.test.UserTestWithDDApproach" name="deleteUserTest" time="0.055"/>
</testsuite> <!-- api.test.UserTestWithDDApproach -->
