<?xml version="1.0" encoding="UTF-8"?>
<!-- Generated by org.testng.reporters.JUnitReportReporter -->
<testsuite hostname="DESKTOP-D44C7K2" failures="0" tests="4" name="api.test.UserWithFakerTest" time="3.770" errors="0" timestamp="2023-12-17T17:14:21 IST" skipped="0">
  <testcase classname="api.test.UserWithFakerTest" name="createUserTest" time="3.470"/>
  <testcase classname="api.test.UserWithFakerTest" name="readUserTest" time="0.200"/>
  <testcase classname="api.test.UserWithFakerTest" name="updateUserTest" time="0.062"/>
  <testcase classname="api.test.UserWithFakerTest" name="deleteUserTest" time="0.038"/>
</testsuite> <!-- api.test.UserWithFakerTest -->
