<?xml version="1.0" encoding="UTF-8"?>
<!-- Generated by org.testng.reporters.JUnitReportReporter -->
<testsuite hostname="DESKTOP-D44C7K2" failures="0" tests="6" name="api.test.UserWithDDApproachTest" time="0.309" errors="0" timestamp="2023-12-17T17:14:21 IST" skipped="0">
  <testcase classname="api.test.UserWithDDApproachTest" name="createUserTest" time="0.040"/>
  <testcase classname="api.test.UserWithDDApproachTest" name="createUserTest" time="0.055"/>
  <testcase classname="api.test.UserWithDDApproachTest" name="createUserTest" time="0.059"/>
  <testcase classname="api.test.UserWithDDApproachTest" name="deleteUserTest" time="0.048"/>
  <testcase classname="api.test.UserWithDDApproachTest" name="deleteUserTest" time="0.047"/>
  <testcase classname="api.test.UserWithDDApproachTest" name="deleteUserTest" time="0.060"/>
</testsuite> <!-- api.test.UserWithDDApproachTest -->
